This file contains any messages produced by compilers while
running configure, to aid debugging if configure makes a mistake.

It was created by configure, which was
generated by GNU Autoconf 2.68.  Invocation command line was

  $ ./configure --enable-static

## --------- ##
## Platform. ##
## --------- ##

hostname = ubuntu
uname -m = x86_64
uname -r = 3.0.0-12-generic
uname -s = Linux
uname -v = #20-Ubuntu SMP Fri Oct 7 14:56:25 UTC 2011

/usr/bin/uname -p = unknown
/bin/uname -X     = unknown

/bin/arch              = unknown
/usr/bin/arch -k       = unknown
/usr/convex/getsysinfo = unknown
/usr/bin/hostinfo      = unknown
/bin/machine           = unknown
/usr/bin/oslevel       = unknown
/bin/universe          = unknown

PATH: /usr/local/sbin
PATH: /usr/local/bin
PATH: /usr/sbin
PATH: /usr/bin
PATH: /sbin
PATH: /bin
PATH: /usr/games
PATH: /home/taku/.root/bin
PATH: /usr/bin/X11
PATH: /home/taku/.root/bin/inno


## ----------- ##
## Core tests. ##
## ----------- ##

configure:2546: checking for a BSD-compatible install
configure:2614: result: /usr/bin/install -c
configure:2625: checking whether build environment is sane
configure:2675: result: yes
configure:2816: checking for a thread-safe mkdir -p
configure:2855: result: /bin/mkdir -p
configure:2868: checking for gawk
configure:2898: result: no
configure:2868: checking for mawk
configure:2884: found /usr/bin/mawk
configure:2895: result: mawk
configure:2906: checking whether make sets $(MAKE)
configure:2928: result: yes
configure:3057: checking for gcc
configure:3073: found /usr/bin/gcc
configure:3084: result: gcc
configure:3313: checking for C compiler version
configure:3322: gcc --version >&5
gcc (Ubuntu/Linaro 4.6.1-9ubuntu3) 4.6.1
Copyright (C) 2011 Free Software Foundation, Inc.
This is free software; see the source for copying conditions.  There is NO
warranty; not even for MERCHANTABILITY or FITNESS FOR A PARTICULAR PURPOSE.

configure:3333: $? = 0
configure:3322: gcc -v >&5
Using built-in specs.
COLLECT_GCC=gcc
COLLECT_LTO_WRAPPER=/usr/lib/gcc/x86_64-linux-gnu/4.6.1/lto-wrapper
Target: x86_64-linux-gnu
Configured with: ../src/configure -v --with-pkgversion='Ubuntu/Linaro 4.6.1-9ubuntu3' --with-bugurl=file:///usr/share/doc/gcc-4.6/README.Bugs --enable-languages=c,c++,fortran,objc,obj-c++,go --prefix=/usr --program-suffix=-4.6 --enable-shared --enable-linker-build-id --with-system-zlib --libexecdir=/usr/lib --without-included-gettext --enable-threads=posix --with-gxx-include-dir=/usr/include/c++/4.6 --libdir=/usr/lib --enable-nls --with-sysroot=/ --enable-clocale=gnu --enable-libstdcxx-debug --enable-libstdcxx-time=yes --enable-plugin --enable-objc-gc --disable-werror --with-arch-32=i686 --with-tune=generic --enable-checking=release --build=x86_64-linux-gnu --host=x86_64-linux-gnu --target=x86_64-linux-gnu
Thread model: posix
gcc version 4.6.1 (Ubuntu/Linaro 4.6.1-9ubuntu3) 
configure:3333: $? = 0
configure:3322: gcc -V >&5
gcc: error: unrecognized option '-V'
gcc: fatal error: no input files
compilation terminated.
configure:3333: $? = 4
configure:3322: gcc -qversion >&5
gcc: error: unrecognized option '-qversion'
gcc: fatal error: no input files
compilation terminated.
configure:3333: $? = 4
configure:3353: checking whether the C compiler works
configure:3375: gcc    conftest.c  >&5
configure:3379: $? = 0
configure:3427: result: yes
configure:3430: checking for C compiler default output file name
configure:3432: result: a.out
configure:3438: checking for suffix of executables
configure:3445: gcc -o conftest    conftest.c  >&5
configure:3449: $? = 0
configure:3471: result: 
configure:3493: checking whether we are cross compiling
configure:3501: gcc -o conftest    conftest.c  >&5
configure:3505: $? = 0
configure:3512: ./conftest
configure:3516: $? = 0
configure:3531: result: no
configure:3536: checking for suffix of object files
configure:3558: gcc -c   conftest.c >&5
configure:3562: $? = 0
configure:3583: result: o
configure:3587: checking whether we are using the GNU C compiler
configure:3606: gcc -c   conftest.c >&5
configure:3606: $? = 0
configure:3615: result: yes
configure:3624: checking whether gcc accepts -g
configure:3644: gcc -c -g  conftest.c >&5
configure:3644: $? = 0
configure:3685: result: yes
configure:3702: checking for gcc option to accept ISO C89
configure:3766: gcc  -c -g -O2  conftest.c >&5
configure:3766: $? = 0
configure:3779: result: none needed
configure:3810: checking for style of include used by make
configure:3838: result: GNU
configure:3863: checking dependency style of gcc
configure:3973: result: gcc3
configure:4046: checking for g++
configure:4062: found /usr/bin/g++
configure:4073: result: g++
configure:4100: checking for C++ compiler version
configure:4109: g++ --version >&5
g++ (Ubuntu/Linaro 4.6.1-9ubuntu3) 4.6.1
Copyright (C) 2011 Free Software Foundation, Inc.
This is free software; see the source for copying conditions.  There is NO
warranty; not even for MERCHANTABILITY or FITNESS FOR A PARTICULAR PURPOSE.

configure:4120: $? = 0
configure:4109: g++ -v >&5
Using built-in specs.
COLLECT_GCC=g++
COLLECT_LTO_WRAPPER=/usr/lib/gcc/x86_64-linux-gnu/4.6.1/lto-wrapper
Target: x86_64-linux-gnu
Configured with: ../src/configure -v --with-pkgversion='Ubuntu/Linaro 4.6.1-9ubuntu3' --with-bugurl=file:///usr/share/doc/gcc-4.6/README.Bugs --enable-languages=c,c++,fortran,objc,obj-c++,go --prefix=/usr --program-suffix=-4.6 --enable-shared --enable-linker-build-id --with-system-zlib --libexecdir=/usr/lib --without-included-gettext --enable-threads=posix --with-gxx-include-dir=/usr/include/c++/4.6 --libdir=/usr/lib --enable-nls --with-sysroot=/ --enable-clocale=gnu --enable-libstdcxx-debug --enable-libstdcxx-time=yes --enable-plugin --enable-objc-gc --disable-werror --with-arch-32=i686 --with-tune=generic --enable-checking=release --build=x86_64-linux-gnu --host=x86_64-linux-gnu --target=x86_64-linux-gnu
Thread model: posix
gcc version 4.6.1 (Ubuntu/Linaro 4.6.1-9ubuntu3) 
configure:4120: $? = 0
configure:4109: g++ -V >&5
g++: error: unrecognized option '-V'
g++: fatal error: no input files
compilation terminated.
configure:4120: $? = 4
configure:4109: g++ -qversion >&5
g++: error: unrecognized option '-qversion'
g++: fatal error: no input files
compilation terminated.
configure:4120: $? = 4
configure:4124: checking whether we are using the GNU C++ compiler
configure:4143: g++ -c   conftest.cpp >&5
configure:4143: $? = 0
configure:4152: result: yes
configure:4161: checking whether g++ accepts -g
configure:4181: g++ -c -g  conftest.cpp >&5
configure:4181: $? = 0
configure:4222: result: yes
configure:4247: checking dependency style of g++
configure:4357: result: gcc3
configure:4378: checking how to run the C preprocessor
configure:4409: gcc -E  conftest.c
configure:4409: $? = 0
configure:4423: gcc -E  conftest.c
conftest.c:11:28: fatal error: ac_nonexistent.h: No such file or directory
compilation terminated.
configure:4423: $? = 1
configure: failed program was:
| /* confdefs.h */
| #define PACKAGE_NAME ""
| #define PACKAGE_TARNAME ""
| #define PACKAGE_VERSION ""
| #define PACKAGE_STRING ""
| #define PACKAGE_BUGREPORT ""
| #define PACKAGE_URL ""
| #define PACKAGE "CRF++"
| #define VERSION "0.55"
| /* end confdefs.h.  */
| #include <ac_nonexistent.h>
configure:4448: result: gcc -E
configure:4468: gcc -E  conftest.c
configure:4468: $? = 0
configure:4482: gcc -E  conftest.c
conftest.c:11:28: fatal error: ac_nonexistent.h: No such file or directory
compilation terminated.
configure:4482: $? = 1
configure: failed program was:
| /* confdefs.h */
| #define PACKAGE_NAME ""
| #define PACKAGE_TARNAME ""
| #define PACKAGE_VERSION ""
| #define PACKAGE_STRING ""
| #define PACKAGE_BUGREPORT ""
| #define PACKAGE_URL ""
| #define PACKAGE "CRF++"
| #define VERSION "0.55"
| /* end confdefs.h.  */
| #include <ac_nonexistent.h>
configure:4511: checking for grep that handles long lines and -e
configure:4569: result: /bin/grep
configure:4574: checking for egrep
configure:4636: result: /bin/grep -E
configure:4642: checking whether gcc needs -traditional
configure:4676: result: no
configure:4683: checking whether make sets $(MAKE)
configure:4705: result: yes
configure:4714: checking for library containing strerror
configure:4745: gcc -o conftest -g -O2   conftest.c  >&5
configure:4745: $? = 0
configure:4762: result: none required
configure:4774: checking build system type
configure:4788: result: x86_64-unknown-linux-gnu
configure:4808: checking host system type
configure:4821: result: x86_64-unknown-linux-gnu
configure:4899: checking how to print strings
configure:4926: result: printf
configure:4947: checking for a sed that does not truncate output
configure:5011: result: /bin/sed
configure:5029: checking for fgrep
configure:5091: result: /bin/grep -F
configure:5126: checking for ld used by gcc
configure:5193: result: /usr/bin/ld
configure:5200: checking if the linker (/usr/bin/ld) is GNU ld
configure:5215: result: yes
configure:5227: checking for BSD- or MS-compatible name lister (nm)
configure:5276: result: /usr/bin/nm -B
configure:5406: checking the name lister (/usr/bin/nm -B) interface
configure:5413: g++ -c -g -O2  conftest.cpp >&5
configure:5416: /usr/bin/nm -B "conftest.o"
configure:5419: output
0000000000000000 B some_variable
configure:5426: result: BSD nm
configure:5429: checking whether ln -s works
configure:5433: result: yes
configure:5441: checking the maximum length of command line arguments
configure:5566: result: 1572864
configure:5583: checking whether the shell understands some XSI constructs
configure:5593: result: yes
configure:5597: checking whether the shell understands "+="
configure:5603: result: yes
configure:5638: checking how to convert x86_64-unknown-linux-gnu file names to x86_64-unknown-linux-gnu format
configure:5678: result: func_convert_file_noop
configure:5685: checking how to convert x86_64-unknown-linux-gnu file names to toolchain format
configure:5705: result: func_convert_file_noop
configure:5712: checking for /usr/bin/ld option to reload object files
configure:5719: result: -r
configure:5793: checking for objdump
configure:5809: found /usr/bin/objdump
configure:5820: result: objdump
configure:5852: checking how to recognize dependent libraries
configure:6054: result: pass_all
configure:6139: checking for dlltool
configure:6169: result: no
configure:6199: checking how to associate runtime and link libraries
configure:6226: result: printf %s\n
configure:6287: checking for ar
configure:6303: found /usr/bin/ar
configure:6314: result: ar
configure:6351: checking for archiver @FILE support
configure:6368: g++ -c -g -O2  conftest.cpp >&5
configure:6368: $? = 0
configure:6371: ar cru libconftest.a @conftest.lst >&5
configure:6374: $? = 0
configure:6379: ar cru libconftest.a @conftest.lst >&5
ar: conftest.o: No such file or directory
configure:6382: $? = 1
configure:6394: result: @
configure:6452: checking for strip
configure:6468: found /usr/bin/strip
configure:6479: result: strip
configure:6551: checking for ranlib
configure:6567: found /usr/bin/ranlib
configure:6578: result: ranlib
configure:6680: checking command to parse /usr/bin/nm -B output from gcc object
configure:6799: g++ -c -g -O2  conftest.cpp >&5
configure:6802: $? = 0
configure:6806: /usr/bin/nm -B conftest.o \| sed -n -e 's/^.*[ ]\([ABCDGIRSTW][ABCDGIRSTW]*\)[ ][ ]*\([_A-Za-z][_A-Za-z0-9]*\)$/\1 \2 \2/p' | sed '/ __gnu_lto/d' \> conftest.nm
configure:6809: $? = 0
configure:6875: g++ -o conftest -g -O2   conftest.cpp conftstm.o >&5
configure:6878: $? = 0
configure:6916: result: ok
configure:6953: checking for sysroot
configure:6983: result: no
configure:7060: g++ -c -g -O2  conftest.cpp >&5
configure:7063: $? = 0
configure:7226: checking for mt
configure:7242: found /bin/mt
configure:7253: result: mt
configure:7276: checking if mt is a manifest tool
configure:7282: mt '-?'
configure:7290: result: no
configure:7917: checking for ANSI C header files
configure:7937: g++ -c -g -O2  conftest.cpp >&5
configure:7937: $? = 0
./configure: line 7951: conftest.cpp: command not found
configure:8021: result: no
configure:8034: checking for sys/types.h
configure:8034: g++ -c -g -O2  conftest.cpp >&5
configure:8034: $? = 0
configure:8034: result: yes
configure:8034: checking for sys/stat.h
configure:8034: g++ -c -g -O2  conftest.cpp >&5
configure:8034: $? = 0
configure:8034: result: yes
configure:8034: checking for stdlib.h
configure:8034: g++ -c -g -O2  conftest.cpp >&5
configure:8034: $? = 0
configure:8034: result: yes
configure:8034: checking for string.h
configure:8034: g++ -c -g -O2  conftest.cpp >&5
configure:8034: $? = 0
configure:8034: result: yes
configure:8034: checking for memory.h
configure:8034: g++ -c -g -O2  conftest.cpp >&5
configure:8034: $? = 0
configure:8034: result: yes
configure:8034: checking for strings.h
configure:8034: g++ -c -g -O2  conftest.cpp >&5
configure:8034: $? = 0
configure:8034: result: yes
configure:8034: checking for inttypes.h
configure:8034: g++ -c -g -O2  conftest.cpp >&5
configure:8034: $? = 0
configure:8034: result: yes
configure:8034: checking for stdint.h
configure:8034: g++ -c -g -O2  conftest.cpp >&5
configure:8034: $? = 0
configure:8034: result: yes
configure:8034: checking for unistd.h
configure:8034: g++ -c -g -O2  conftest.cpp >&5
configure:8034: $? = 0
configure:8034: result: yes
configure:8048: checking for dlfcn.h
configure:8048: g++ -c -g -O2  conftest.cpp >&5
configure:8048: $? = 0
configure:8048: result: yes
configure:8245: checking for objdir
configure:8260: result: .libs
configure:8527: checking if gcc supports -fno-rtti -fno-exceptions
configure:8545: gcc -c -g -O2  -fno-rtti -fno-exceptions conftest.c >&5
cc1: warning: command line option '-fno-rtti' is valid for C++/ObjC++ but not for C [enabled by default]
configure:8549: $? = 0
configure:8562: result: no
configure:8872: checking for gcc option to produce PIC
configure:8879: result: -fPIC -DPIC
configure:8887: checking if gcc PIC flag -fPIC -DPIC works
configure:8905: gcc -c -g -O2  -fPIC -DPIC -DPIC conftest.c >&5
configure:8909: $? = 0
configure:8922: result: yes
configure:8951: checking if gcc static flag -static works
configure:8979: result: yes
configure:8994: checking if gcc supports -c -o file.o
configure:9015: gcc -c -g -O2  -o out/conftest2.o conftest.c >&5
configure:9019: $? = 0
configure:9041: result: yes
configure:9049: checking if gcc supports -c -o file.o
configure:9096: result: yes
configure:9129: checking whether the gcc linker (/usr/bin/ld -m elf_x86_64) supports shared libraries
configure:10291: result: yes
configure:10328: checking whether -lc should be explicitly linked in
configure:10336: gcc -c -g -O2  conftest.c >&5
configure:10339: $? = 0
configure:10354: gcc -shared  -fPIC -DPIC conftest.o  -v -Wl,-soname -Wl,conftest -o conftest 2\>\&1 \| /bin/grep  -lc  \>/dev/null 2\>\&1
configure:10357: $? = 0
configure:10371: result: no
configure:10536: checking dynamic linker characteristics
configure:11051: gcc -o conftest -g -O2   -Wl,-rpath -Wl,/foo conftest.c  >&5
configure:11051: $? = 0
configure:11285: result: GNU/Linux ld.so
configure:11392: checking how to hardcode library paths into programs
configure:11417: result: immediate
configure:11957: checking whether stripping libraries is possible
configure:11962: result: yes
configure:11997: checking if libtool supports shared libraries
configure:11999: result: yes
configure:12002: checking whether to build shared libraries
configure:12023: result: yes
configure:12026: checking whether to build static libraries
configure:12030: result: yes
configure:12053: checking how to run the C++ preprocessor
configure:12080: g++ -E  conftest.cpp
configure:12080: $? = 0
configure:12094: g++ -E  conftest.cpp
conftest.cpp:22:28: fatal error: ac_nonexistent.h: No such file or directory
compilation terminated.
configure:12094: $? = 1
configure: failed program was:
| /* confdefs.h */
| #define PACKAGE_NAME ""
| #define PACKAGE_TARNAME ""
| #define PACKAGE_VERSION ""
| #define PACKAGE_STRING ""
| #define PACKAGE_BUGREPORT ""
| #define PACKAGE_URL ""
| #define PACKAGE "CRF++"
| #define VERSION "0.55"
| #define HAVE_SYS_TYPES_H 1
| #define HAVE_SYS_STAT_H 1
| #define HAVE_STDLIB_H 1
| #define HAVE_STRING_H 1
| #define HAVE_MEMORY_H 1
| #define HAVE_STRINGS_H 1
| #define HAVE_INTTYPES_H 1
| #define HAVE_STDINT_H 1
| #define HAVE_UNISTD_H 1
| #define HAVE_DLFCN_H 1
| #define LT_OBJDIR ".libs/"
| /* end confdefs.h.  */
| #include <ac_nonexistent.h>
configure:12119: result: g++ -E
configure:12139: g++ -E  conftest.cpp
configure:12139: $? = 0
configure:12153: g++ -E  conftest.cpp
conftest.cpp:22:28: fatal error: ac_nonexistent.h: No such file or directory
compilation terminated.
configure:12153: $? = 1
configure: failed program was:
| /* confdefs.h */
| #define PACKAGE_NAME ""
| #define PACKAGE_TARNAME ""
| #define PACKAGE_VERSION ""
| #define PACKAGE_STRING ""
| #define PACKAGE_BUGREPORT ""
| #define PACKAGE_URL ""
| #define PACKAGE "CRF++"
| #define VERSION "0.55"
| #define HAVE_SYS_TYPES_H 1
| #define HAVE_SYS_STAT_H 1
| #define HAVE_STDLIB_H 1
| #define HAVE_STRING_H 1
| #define HAVE_MEMORY_H 1
| #define HAVE_STRINGS_H 1
| #define HAVE_INTTYPES_H 1
| #define HAVE_STDINT_H 1
| #define HAVE_UNISTD_H 1
| #define HAVE_DLFCN_H 1
| #define LT_OBJDIR ".libs/"
| /* end confdefs.h.  */
| #include <ac_nonexistent.h>
configure:12323: checking for ld used by g++
configure:12390: result: /usr/bin/ld -m elf_x86_64
configure:12397: checking if the linker (/usr/bin/ld -m elf_x86_64) is GNU ld
configure:12412: result: yes
configure:12467: checking whether the g++ linker (/usr/bin/ld -m elf_x86_64) supports shared libraries
configure:13471: result: yes
configure:13506: g++ -c -g -O2  conftest.cpp >&5
configure:13509: $? = 0
configure:14029: checking for g++ option to produce PIC
configure:14036: result: -fPIC -DPIC
configure:14044: checking if g++ PIC flag -fPIC -DPIC works
configure:14062: g++ -c -g -O2  -fPIC -DPIC -DPIC conftest.cpp >&5
configure:14066: $? = 0
configure:14079: result: yes
configure:14102: checking if g++ static flag -static works
configure:14130: result: yes
configure:14142: checking if g++ supports -c -o file.o
configure:14163: g++ -c -g -O2  -o out/conftest2.o conftest.cpp >&5
configure:14167: $? = 0
configure:14189: result: yes
configure:14194: checking if g++ supports -c -o file.o
configure:14241: result: yes
configure:14271: checking whether the g++ linker (/usr/bin/ld -m elf_x86_64) supports shared libraries
configure:14308: result: yes
configure:14451: checking dynamic linker characteristics
configure:15134: result: GNU/Linux ld.so
configure:15187: checking how to hardcode library paths into programs
configure:15212: result: immediate
configure:15274: checking for ANSI C header files
configure:15378: result: no
configure:15391: checking for string.h
configure:15391: result: yes
configure:15391: checking for stdlib.h
configure:15391: result: yes
configure:15391: checking for unistd.h
configure:15391: result: yes
configure:15391: checking fcntl.h usability
configure:15391: g++ -c -g -O2  conftest.cpp >&5
configure:15391: $? = 0
configure:15391: result: yes
configure:15391: checking fcntl.h presence
configure:15391: g++ -E  conftest.cpp
configure:15391: $? = 0
configure:15391: result: yes
configure:15391: checking for fcntl.h
configure:15391: result: yes
configure:15391: checking for sys/stat.h
configure:15391: result: yes
configure:15391: checking sys/mman.h usability
configure:15391: g++ -c -g -O2  conftest.cpp >&5
configure:15391: $? = 0
configure:15391: result: yes
configure:15391: checking sys/mman.h presence
configure:15391: g++ -E  conftest.cpp
configure:15391: $? = 0
configure:15391: result: yes
configure:15391: checking for sys/mman.h
configure:15391: result: yes
configure:15391: checking sys/times.h usability
configure:15391: g++ -c -g -O2  conftest.cpp >&5
configure:15391: $? = 0
configure:15391: result: yes
configure:15391: checking sys/times.h presence
configure:15391: g++ -E  conftest.cpp
configure:15391: $? = 0
configure:15391: result: yes
configure:15391: checking for sys/times.h
configure:15391: result: yes
configure:15391: checking ctype.h usability
configure:15391: g++ -c -g -O2  conftest.cpp >&5
configure:15391: $? = 0
configure:15391: result: yes
configure:15391: checking ctype.h presence
configure:15391: g++ -E  conftest.cpp
configure:15391: $? = 0
configure:15391: result: yes
configure:15391: checking for ctype.h
configure:15391: result: yes
configure:15391: checking for sys/types.h
configure:15391: result: yes
configure:15391: checking math.h usability
configure:15391: g++ -c -g -O2  conftest.cpp >&5
configure:15391: $? = 0
configure:15391: result: yes
configure:15391: checking math.h presence
configure:15391: g++ -E  conftest.cpp
configure:15391: $? = 0
configure:15391: result: yes
configure:15391: checking for math.h
configure:15391: result: yes
configure:15391: checking pthread.h usability
configure:15391: g++ -c -g -O2  conftest.cpp >&5
configure:15391: $? = 0
configure:15391: result: yes
configure:15391: checking pthread.h presence
configure:15391: g++ -E  conftest.cpp
configure:15391: $? = 0
configure:15391: result: yes
configure:15391: checking for pthread.h
configure:15391: result: yes
configure:15402: checking for size_t
configure:15402: g++ -c -g -O2  conftest.cpp >&5
configure:15402: $? = 0
configure:15402: g++ -c -g -O2  conftest.cpp >&5
conftest.cpp: In function 'int main()':
conftest.cpp:69:20: error: expected primary-expression before ')' token
configure:15402: $? = 1
configure: failed program was:
| /* confdefs.h */
| #define PACKAGE_NAME ""
| #define PACKAGE_TARNAME ""
| #define PACKAGE_VERSION ""
| #define PACKAGE_STRING ""
| #define PACKAGE_BUGREPORT ""
| #define PACKAGE_URL ""
| #define PACKAGE "CRF++"
| #define VERSION "0.55"
| #define HAVE_SYS_TYPES_H 1
| #define HAVE_SYS_STAT_H 1
| #define HAVE_STDLIB_H 1
| #define HAVE_STRING_H 1
| #define HAVE_MEMORY_H 1
| #define HAVE_STRINGS_H 1
| #define HAVE_INTTYPES_H 1
| #define HAVE_STDINT_H 1
| #define HAVE_UNISTD_H 1
| #define HAVE_DLFCN_H 1
| #define LT_OBJDIR ".libs/"
| #define HAVE_STRING_H 1
| #define HAVE_STDLIB_H 1
| #define HAVE_UNISTD_H 1
| #define HAVE_FCNTL_H 1
| #define HAVE_SYS_STAT_H 1
| #define HAVE_SYS_MMAN_H 1
| #define HAVE_SYS_TIMES_H 1
| #define HAVE_CTYPE_H 1
| #define HAVE_SYS_TYPES_H 1
| #define HAVE_MATH_H 1
| #define HAVE_PTHREAD_H 1
| /* end confdefs.h.  */
| #include <stdio.h>
| #ifdef HAVE_SYS_TYPES_H
| # include <sys/types.h>
| #endif
| #ifdef HAVE_SYS_STAT_H
| # include <sys/stat.h>
| #endif
| #ifdef STDC_HEADERS
| # include <stdlib.h>
| # include <stddef.h>
| #else
| # ifdef HAVE_STDLIB_H
| #  include <stdlib.h>
| # endif
| #endif
| #ifdef HAVE_STRING_H
| # if !defined STDC_HEADERS && defined HAVE_MEMORY_H
| #  include <memory.h>
| # endif
| # include <string.h>
| #endif
| #ifdef HAVE_STRINGS_H
| # include <strings.h>
| #endif
| #ifdef HAVE_INTTYPES_H
| # include <inttypes.h>
| #endif
| #ifdef HAVE_STDINT_H
| # include <stdint.h>
| #endif
| #ifdef HAVE_UNISTD_H
| # include <unistd.h>
| #endif
| int
| main ()
| {
| if (sizeof ((size_t)))
| 	    return 0;
|   ;
|   return 0;
| }
configure:15402: result: yes
configure:15414: checking for pow in -lm
configure:15439: g++ -o conftest -g -O2   conftest.cpp -lm   >&5
configure:15439: $? = 0
configure:15448: result: yes
configure:15459: checking for exp in -lm
configure:15484: g++ -o conftest -g -O2   conftest.cpp -lm  -lm  >&5
configure:15484: $? = 0
configure:15493: result: yes
configure:15504: checking for log in -lm
configure:15529: g++ -o conftest -g -O2   conftest.cpp -lm  -lm -lm  >&5
configure:15529: $? = 0
configure:15538: result: yes
configure:15549: checking for pthread_create in -lpthread
configure:15574: g++ -o conftest -g -O2   conftest.cpp -lpthread  -lm -lm -lm  >&5
configure:15574: $? = 0
configure:15583: result: yes
configure:15594: checking for pthread_join in -lpthread
configure:15619: g++ -o conftest -g -O2   conftest.cpp -lpthread  -lpthread -lm -lm -lm  >&5
configure:15619: $? = 0
configure:15628: result: yes
configure:15645: checking for stdlib.h
configure:15645: result: yes
configure:15645: checking for unistd.h
configure:15645: result: yes
configure:15645: checking for sys/param.h
configure:15645: g++ -c -g -O2  conftest.cpp >&5
configure:15645: $? = 0
configure:15645: result: yes
configure:15665: checking for getpagesize
configure:15665: g++ -o conftest -g -O2   conftest.cpp -lpthread -lpthread -lm -lm -lm  >&5
configure:15665: $? = 0
configure:15665: result: yes
configure:15674: checking for working mmap
configure:15821: g++ -o conftest -g -O2   conftest.cpp -lpthread -lpthread -lm -lm -lm  >&5
configure:15821: $? = 0
configure:15821: ./conftest
configure:15821: $? = 0
configure:15831: result: yes
configure:15841: checking whether make is GNU Make
configure:15844: result: yes
configure:16110: checking if g++ supports stl <string> (required)
configure:16127: g++ -c -O3 -Wall  conftest.cpp >&5
configure:16127: $? = 0
configure:16139: result: yes
configure:16143: checking if g++ supports stl <vector> (required)
configure:16160: g++ -c -O3 -Wall  conftest.cpp >&5
configure:16160: $? = 0
configure:16172: result: yes
configure:16176: checking if g++ supports stl <map> (required)
configure:16193: g++ -c -O3 -Wall  conftest.cpp >&5
configure:16193: $? = 0
configure:16205: result: yes
configure:16209: checking if g++ supports stl <set> (required)
configure:16226: g++ -c -O3 -Wall  conftest.cpp >&5
configure:16226: $? = 0
configure:16238: result: yes
configure:16242: checking if g++ supports stl <iostream> (required)
configure:16259: g++ -c -O3 -Wall  conftest.cpp >&5
configure:16259: $? = 0
configure:16271: result: yes
configure:16275: checking if g++ supports stl <fstream> (required)
configure:16292: g++ -c -O3 -Wall  conftest.cpp >&5
configure:16292: $? = 0
configure:16304: result: yes
configure:16308: checking if g++ supports stl <sstream> (required)
configure:16325: g++ -c -O3 -Wall  conftest.cpp >&5
configure:16325: $? = 0
configure:16337: result: yes
configure:16341: checking if g++ supports stl <stdexcept> (required)
configure:16358: g++ -c -O3 -Wall  conftest.cpp >&5
configure:16358: $? = 0
configure:16370: result: yes
configure:16375: checking if g++ supports template <class T> (required)
configure:16394: g++ -c -O3 -Wall  conftest.cpp >&5
configure:16394: $? = 0
configure:16406: result: yes
configure:16410: checking if g++ supports const_cast<> (required)
configure:16428: g++ -c -O3 -Wall  conftest.cpp >&5
conftest.cpp: In function 'int main()':
conftest.cpp:51:9: warning: unused variable 'c1' [-Wunused-variable]
configure:16428: $? = 0
configure:16440: result: yes
configure:16444: checking if g++ supports static_cast<> (required)
configure:16462: g++ -c -O3 -Wall  conftest.cpp >&5
conftest.cpp: In function 'int main()':
conftest.cpp:51:10: warning: unused variable 'c1' [-Wunused-variable]
configure:16462: $? = 0
configure:16474: result: yes
configure:16478: checking if g++ supports dynamic_cast<> (required)
configure:16497: g++ -c -O3 -Wall  conftest.cpp >&5
conftest.cpp: In function 'int main()':
conftest.cpp:52:9: warning: unused variable 'c1' [-Wunused-variable]
configure:16497: $? = 0
configure:16509: result: yes
configure:16513: checking if g++ supports exception handler (required)
configure:16536: g++ -c -O3 -Wall  conftest.cpp >&5
conftest.cpp: In function 'int main()':
conftest.cpp:51:11: warning: unused variable 'i' [-Wunused-variable]
configure:16536: $? = 0
configure:16548: result: yes
configure:16552: checking if g++ supports namespaces (required) 
configure:16570: g++ -c -O3 -Wall  conftest.cpp >&5
conftest.cpp: In function 'int main()':
conftest.cpp:51:3: warning: unused variable 'a' [-Wunused-variable]
configure:16570: $? = 0
configure:16581: result: yes
configure:16584: checking if g++ environment provides all required features
configure:16592: result: yes
configure:16734: creating ./config.status

## ---------------------- ##
## Running config.status. ##
## ---------------------- ##

This file was extended by config.status, which was
generated by GNU Autoconf 2.68.  Invocation command line was

  CONFIG_FILES    = 
  CONFIG_HEADERS  = 
  CONFIG_LINKS    = 
  CONFIG_COMMANDS = 
  $ ./config.status 

on ubuntu

config.status:1173: creating Makefile
config.status:1173: creating Makefile.msvc
config.status:1173: creating swig/version.h
config.status:1173: creating config.h
config.status:1354: config.h is unchanged
config.status:1402: executing depfiles commands
config.status:1402: executing libtool commands

## ---------------- ##
## Cache variables. ##
## ---------------- ##

ac_cv_build=x86_64-unknown-linux-gnu
ac_cv_c_compiler_gnu=yes
ac_cv_cxx_compiler_gnu=yes
ac_cv_env_CCC_set=
ac_cv_env_CCC_value=
ac_cv_env_CC_set=
ac_cv_env_CC_value=
ac_cv_env_CFLAGS_set=
ac_cv_env_CFLAGS_value=
ac_cv_env_CPPFLAGS_set=
ac_cv_env_CPPFLAGS_value=
ac_cv_env_CPP_set=
ac_cv_env_CPP_value=
ac_cv_env_CXXCPP_set=
ac_cv_env_CXXCPP_value=
ac_cv_env_CXXFLAGS_set=
ac_cv_env_CXXFLAGS_value=
ac_cv_env_CXX_set=
ac_cv_env_CXX_value=
ac_cv_env_LDFLAGS_set=
ac_cv_env_LDFLAGS_value=
ac_cv_env_LIBS_set=
ac_cv_env_LIBS_value=
ac_cv_env_build_alias_set=
ac_cv_env_build_alias_value=
ac_cv_env_host_alias_set=
ac_cv_env_host_alias_value=
ac_cv_env_target_alias_set=
ac_cv_env_target_alias_value=
ac_cv_func_getpagesize=yes
ac_cv_func_mmap_fixed_mapped=yes
ac_cv_header_ctype_h=yes
ac_cv_header_dlfcn_h=yes
ac_cv_header_fcntl_h=yes
ac_cv_header_inttypes_h=yes
ac_cv_header_math_h=yes
ac_cv_header_memory_h=yes
ac_cv_header_pthread_h=yes
ac_cv_header_stdc=no
ac_cv_header_stdint_h=yes
ac_cv_header_stdlib_h=yes
ac_cv_header_string_h=yes
ac_cv_header_strings_h=yes
ac_cv_header_sys_mman_h=yes
ac_cv_header_sys_param_h=yes
ac_cv_header_sys_stat_h=yes
ac_cv_header_sys_times_h=yes
ac_cv_header_sys_types_h=yes
ac_cv_header_unistd_h=yes
ac_cv_host=x86_64-unknown-linux-gnu
ac_cv_lib_m_exp=yes
ac_cv_lib_m_log=yes
ac_cv_lib_m_pow=yes
ac_cv_lib_pthread_pthread_create=yes
ac_cv_lib_pthread_pthread_join=yes
ac_cv_objext=o
ac_cv_path_EGREP='/bin/grep -E'
ac_cv_path_FGREP='/bin/grep -F'
ac_cv_path_GREP=/bin/grep
ac_cv_path_SED=/bin/sed
ac_cv_path_install='/usr/bin/install -c'
ac_cv_path_mkdir=/bin/mkdir
ac_cv_prog_AWK=mawk
ac_cv_prog_CPP='gcc -E'
ac_cv_prog_CXXCPP='g++ -E'
ac_cv_prog_ac_ct_AR=ar
ac_cv_prog_ac_ct_CC=gcc
ac_cv_prog_ac_ct_CXX=g++
ac_cv_prog_ac_ct_MANIFEST_TOOL=mt
ac_cv_prog_ac_ct_OBJDUMP=objdump
ac_cv_prog_ac_ct_RANLIB=ranlib
ac_cv_prog_ac_ct_STRIP=strip
ac_cv_prog_cc_c89=
ac_cv_prog_cc_g=yes
ac_cv_prog_cxx_g=yes
ac_cv_prog_gcc_traditional=no
ac_cv_prog_make_make_set=yes
ac_cv_search_strerror='none required'
ac_cv_type_size_t=yes
am_cv_CC_dependencies_compiler_type=gcc3
am_cv_CXX_dependencies_compiler_type=gcc3
lt_cv_ar_at_file=@
lt_cv_archive_cmds_need_lc=no
lt_cv_deplibs_check_method=pass_all
lt_cv_file_magic_cmd='$MAGIC_CMD'
lt_cv_file_magic_test_file=
lt_cv_ld_reload_flag=-r
lt_cv_nm_interface='BSD nm'
lt_cv_objdir=.libs
lt_cv_path_LD=/usr/bin/ld
lt_cv_path_LDCXX='/usr/bin/ld -m elf_x86_64'
lt_cv_path_NM='/usr/bin/nm -B'
lt_cv_path_mainfest_tool=no
lt_cv_prog_compiler_c_o=yes
lt_cv_prog_compiler_c_o_CXX=yes
lt_cv_prog_compiler_pic='-fPIC -DPIC'
lt_cv_prog_compiler_pic_CXX='-fPIC -DPIC'
lt_cv_prog_compiler_pic_works=yes
lt_cv_prog_compiler_pic_works_CXX=yes
lt_cv_prog_compiler_rtti_exceptions=no
lt_cv_prog_compiler_static_works=yes
lt_cv_prog_compiler_static_works_CXX=yes
lt_cv_prog_gnu_ld=yes
lt_cv_prog_gnu_ldcxx=yes
lt_cv_sharedlib_from_linklib_cmd='printf %s\n'
lt_cv_shlibpath_overrides_runpath=no
lt_cv_sys_global_symbol_pipe='sed -n -e '\''s/^.*[	 ]\([ABCDGIRSTW][ABCDGIRSTW]*\)[	 ][	 ]*\([_A-Za-z][_A-Za-z0-9]*\)$/\1 \2 \2/p'\'' | sed '\''/ __gnu_lto/d'\'''
lt_cv_sys_global_symbol_to_c_name_address='sed -n -e '\''s/^: \([^ ]*\)[ ]*$/  {\"\1\", (void *) 0},/p'\'' -e '\''s/^[ABCDGIRSTW]* \([^ ]*\) \([^ ]*\)$/  {"\2", (void *) \&\2},/p'\'''
lt_cv_sys_global_symbol_to_c_name_address_lib_prefix='sed -n -e '\''s/^: \([^ ]*\)[ ]*$/  {\"\1\", (void *) 0},/p'\'' -e '\''s/^[ABCDGIRSTW]* \([^ ]*\) \(lib[^ ]*\)$/  {"\2", (void *) \&\2},/p'\'' -e '\''s/^[ABCDGIRSTW]* \([^ ]*\) \([^ ]*\)$/  {"lib\2", (void *) \&\2},/p'\'''
lt_cv_sys_global_symbol_to_cdecl='sed -n -e '\''s/^T .* \(.*\)$/extern int \1();/p'\'' -e '\''s/^[ABCDGIRSTW]* .* \(.*\)$/extern char \1;/p'\'''
lt_cv_sys_max_cmd_len=1572864
lt_cv_to_host_file_cmd=func_convert_file_noop
lt_cv_to_tool_file_cmd=func_convert_file_noop

## ----------------- ##
## Output variables. ##
## ----------------- ##

ACLOCAL='${SHELL} /home/taku/proj/crfpp/missing --run aclocal-1.11'
AMDEPBACKSLASH='\'
AMDEP_FALSE='#'
AMDEP_TRUE=''
AMTAR='${SHELL} /home/taku/proj/crfpp/missing --run tar'
AR='ar'
AUTOCONF='${SHELL} /home/taku/proj/crfpp/missing --run autoconf'
AUTOHEADER='${SHELL} /home/taku/proj/crfpp/missing --run autoheader'
AUTOMAKE='${SHELL} /home/taku/proj/crfpp/missing --run automake-1.11'
AWK='mawk'
CC='gcc'
CCDEPMODE='depmode=gcc3'
CFLAGS='-O3 -Wall'
CPP='gcc -E'
CPPFLAGS=''
CXX='g++'
CXXCPP='g++ -E'
CXXDEPMODE='depmode=gcc3'
CXXFLAGS='-O3 -Wall'
CYGPATH_W='echo'
DEFS='-DHAVE_CONFIG_H'
DEPDIR='.deps'
DLLTOOL='false'
DSYMUTIL=''
DUMPBIN=''
ECHO_C=''
ECHO_N='-n'
ECHO_T=''
EGREP='/bin/grep -E'
EXEEXT=''
FGREP='/bin/grep -F'
GREP='/bin/grep'
INSTALL_DATA='${INSTALL} -m 644'
INSTALL_PROGRAM='${INSTALL}'
INSTALL_SCRIPT='${INSTALL}'
INSTALL_STRIP_PROGRAM='$(install_sh) -c -s'
LD='/usr/bin/ld -m elf_x86_64'
LDFLAGS=''
LIBOBJS=''
LIBS='-lpthread -lpthread -lm -lm -lm '
LIBTOOL='$(SHELL) $(top_builddir)/libtool'
LIPO=''
LN_S='ln -s'
LTLIBOBJS=''
MAKEINFO='${SHELL} /home/taku/proj/crfpp/missing --run makeinfo'
MANIFEST_TOOL=':'
MKDIR_P='/bin/mkdir -p'
NM='/usr/bin/nm -B'
NMEDIT=''
OBJDUMP='objdump'
OBJEXT='o'
OTOOL64=''
OTOOL=''
PACKAGE='CRF++'
PACKAGE_BUGREPORT=''
PACKAGE_NAME=''
PACKAGE_STRING=''
PACKAGE_TARNAME=''
PACKAGE_URL=''
PACKAGE_VERSION=''
PATH_SEPARATOR=':'
RANLIB='ranlib'
SED='/bin/sed'
SET_MAKE=''
SHELL='/bin/bash'
STRIP='strip'
VERSION='0.55'
ac_ct_AR='ar'
ac_ct_CC='gcc'
ac_ct_CXX='g++'
ac_ct_DUMPBIN=''
am__EXEEXT_FALSE=''
am__EXEEXT_TRUE='#'
am__fastdepCC_FALSE='#'
am__fastdepCC_TRUE=''
am__fastdepCXX_FALSE='#'
am__fastdepCXX_TRUE=''
am__include='include'
am__isrc=''
am__leading_dot='.'
am__quote=''
am__tar='${AMTAR} chof - "$$tardir"'
am__untar='${AMTAR} xf -'
bindir='${exec_prefix}/bin'
build='x86_64-unknown-linux-gnu'
build_alias=''
build_cpu='x86_64'
build_os='linux-gnu'
build_vendor='unknown'
datadir='${datarootdir}'
datarootdir='${prefix}/share'
docdir='${datarootdir}/doc/${PACKAGE}'
dvidir='${docdir}'
exec_prefix='${prefix}'
host='x86_64-unknown-linux-gnu'
host_alias=''
host_cpu='x86_64'
host_os='linux-gnu'
host_vendor='unknown'
htmldir='${docdir}'
includedir='${prefix}/include'
infodir='${datarootdir}/info'
install_sh='${SHELL} /home/taku/proj/crfpp/install-sh'
libdir='${exec_prefix}/lib'
libexecdir='${exec_prefix}/libexec'
localedir='${datarootdir}/locale'
localstatedir='${prefix}/var'
mandir='${datarootdir}/man'
mkdir_p='/bin/mkdir -p'
oldincludedir='/usr/include'
pdfdir='${docdir}'
prefix='/usr/local'
program_transform_name='s,x,x,'
psdir='${docdir}'
sbindir='${exec_prefix}/sbin'
sharedstatedir='${prefix}/com'
sysconfdir='${prefix}/etc'
target_alias=''

## ----------- ##
## confdefs.h. ##
## ----------- ##

/* confdefs.h */
#define PACKAGE_NAME ""
#define PACKAGE_TARNAME ""
#define PACKAGE_VERSION ""
#define PACKAGE_STRING ""
#define PACKAGE_BUGREPORT ""
#define PACKAGE_URL ""
#define PACKAGE "CRF++"
#define VERSION "0.55"
#define HAVE_SYS_TYPES_H 1
#define HAVE_SYS_STAT_H 1
#define HAVE_STDLIB_H 1
#define HAVE_STRING_H 1
#define HAVE_MEMORY_H 1
#define HAVE_STRINGS_H 1
#define HAVE_INTTYPES_H 1
#define HAVE_STDINT_H 1
#define HAVE_UNISTD_H 1
#define HAVE_DLFCN_H 1
#define LT_OBJDIR ".libs/"
#define HAVE_STRING_H 1
#define HAVE_STDLIB_H 1
#define HAVE_UNISTD_H 1
#define HAVE_FCNTL_H 1
#define HAVE_SYS_STAT_H 1
#define HAVE_SYS_MMAN_H 1
#define HAVE_SYS_TIMES_H 1
#define HAVE_CTYPE_H 1
#define HAVE_SYS_TYPES_H 1
#define HAVE_MATH_H 1
#define HAVE_PTHREAD_H 1
#define HAVE_LIBM 1
#define HAVE_LIBM 1
#define HAVE_LIBM 1
#define HAVE_LIBPTHREAD 1
#define HAVE_LIBPTHREAD 1
#define HAVE_STDLIB_H 1
#define HAVE_UNISTD_H 1
#define HAVE_SYS_PARAM_H 1
#define HAVE_GETPAGESIZE 1
#define HAVE_MMAP 1

configure: exit 0
